Jan 30 18:02:53.072 Input parameters:
Jan 30 18:02:53.074   param[0] = C:\Users\RJWEBER\source\cpp\cppTest\cmake-build-debug\tst\unitTest.exe
Jan 30 18:02:53.074   param[1] = --gtest_list_tests
Jan 30 18:02:53.074  CHRON: CHRONO END: main : duration = 0.002467 s
Jan 30 18:02:53.174 Input parameters:
Jan 30 18:02:53.175   param[0] = C:\Users\RJWEBER\source\cpp\cppTest\cmake-build-debug\tst\unitTest.exe
Jan 30 18:02:53.175   param[1] = --gtest_color=no
Jan 30 18:02:53.175  CHRON: CHRONO END: main : duration = 0.001432 s
Jan 30 18:03:32.833 Input parameters:
Jan 30 18:03:32.835   param[0] = C:\Users\RJWEBER\source\cpp\cppTest\cmake-build-debug\tst\unitTest.exe
Jan 30 18:03:32.835   param[1] = --gtest_list_tests
Jan 30 18:03:32.835  CHRON: CHRONO END: main : duration = 0.002202 s
Jan 30 18:03:34.104 Input parameters:
Jan 30 18:03:34.105   param[0] = C:\Users\RJWEBER\source\cpp\cppTest\cmake-build-debug\tst\unitTest.exe
Jan 30 18:03:34.105   param[1] = --gtest_color=no
Jan 30 18:03:34.105  CHRON: CHRONO END: main : duration = 0.001356 s
Jan 30 18:04:42.382 Input parameters:
Jan 30 18:04:42.383   param[0] = C:\Users\RJWEBER\source\cpp\cppTest\cmake-build-debug\tst\unitTest.exe
Jan 30 18:04:42.383   param[1] = --gtest_list_tests
Jan 30 18:04:42.383  CHRON: CHRONO END: main : duration = 0.001370 s
Jan 30 18:04:43.209 Input parameters:
Jan 30 18:04:43.211   param[0] = C:\Users\RJWEBER\source\cpp\cppTest\cmake-build-debug\tst\unitTest.exe
Jan 30 18:04:43.211   param[1] = --gtest_color=no
Jan 30 18:04:43.211  CHRON: CHRONO END: main : duration = 0.001633 s
Jan 30 18:05:50.294 Input parameters:
Jan 30 18:05:50.296   param[0] = C:\Users\RJWEBER\source\cpp\cppTest\cmake-build-debug\tst\unitTest.exe
Jan 30 18:05:50.296   param[1] = --gtest_list_tests
Jan 30 18:05:50.296  CHRON: CHRONO END: main : duration = 0.002288 s
Jan 30 18:05:50.352 Input parameters:
Jan 30 18:05:50.353   param[0] = C:\Users\RJWEBER\source\cpp\cppTest\cmake-build-debug\tst\unitTest.exe
Jan 30 18:05:50.353   param[1] = --gtest_color=no
Jan 30 18:05:50.353  CHRON: CHRONO END: main : duration = 0.001218 s
